<?xml version="1.0" encoding="UTF-8"?>
<testsuite name="org.hyperledger.iroha.android.client.okhttp.OkHttpTransportExecutorTests" tests="2" skipped="0" failures="0" errors="0" timestamp="2025-12-31T14:11:48.071Z" hostname="takemiyacStudio.lan" time="0.208">
  <properties/>
  <testcase name="executesRequestAndMapsResponse" classname="org.hyperledger.iroha.android.client.okhttp.OkHttpTransportExecutorTests" time="0.003"/>
  <testcase name="timesOutWhenCallExceedsTimeout" classname="org.hyperledger.iroha.android.client.okhttp.OkHttpTransportExecutorTests" time="0.205"/>
  <system-out><![CDATA[]]></system-out>
  <system-err><![CDATA[]]></system-err>
</testsuite>
