<?xml version="1.0" encoding="UTF-8"?>
<testsuite name="org.hyperledger.iroha.android.client.OkHttpClientIntegrationTests" tests="2" skipped="0" failures="0" errors="0" timestamp="2025-12-08T12:31:43.281Z" hostname="takemiyacStudio.lan" time="0.144">
  <properties/>
  <testcase name="okhttpExecutorHandlesSafetyDetectFlow" classname="org.hyperledger.iroha.android.client.OkHttpClientIntegrationTests" time="0.007"/>
  <testcase name="okhttpExecutorSupportsRestAndRpcClients" classname="org.hyperledger.iroha.android.client.OkHttpClientIntegrationTests" time="0.137"/>
  <system-out><![CDATA[]]></system-out>
  <system-err><![CDATA[]]></system-err>
</testsuite>
