<?xml version="1.0" encoding="UTF-8"?>
<testsuite name="org.hyperledger.iroha.android.offline.attestation.HttpSafetyDetectServiceOkHttpTests" tests="1" skipped="0" failures="0" errors="0" timestamp="2025-12-08T12:31:43.745Z" hostname="takemiyacStudio.lan" time="0.109">
  <properties/>
  <testcase name="okHttpExecutorCachesOauthAcrossAttestations" classname="org.hyperledger.iroha.android.offline.attestation.HttpSafetyDetectServiceOkHttpTests" time="0.109"/>
  <system-out><![CDATA[]]></system-out>
  <system-err><![CDATA[]]></system-err>
</testsuite>
