<?xml version="1.0" encoding="UTF-8"?>
<testsuite name="org.hyperledger.iroha.android.client.HttpClientRejectCodeOkHttpTests" tests="1" skipped="0" failures="0" errors="0" timestamp="2025-12-30T16:28:53.977Z" hostname="takemiyacStudio.lan" time="0.003">
  <properties/>
  <testcase name="okHttpTransportSurfacesRejectHeader" classname="org.hyperledger.iroha.android.client.HttpClientRejectCodeOkHttpTests" time="0.003"/>
  <system-out><![CDATA[]]></system-out>
  <system-err><![CDATA[]]></system-err>
</testsuite>
