<?xml version="1.0" encoding="UTF-8"?>
<testsuite name="org.hyperledger.iroha.android.GradleAndroidHarnessTests" tests="5" skipped="0" failures="0" errors="0" timestamp="2025-12-31T09:14:45.587Z" hostname="takemiyacStudio.lan" time="0.304">
  <properties/>
  <testcase name="runHarnessMain[org.hyperledger.iroha.android.client.okhttp.OkHttpTransportExecutorFactoryTests]" classname="org.hyperledger.iroha.android.GradleAndroidHarnessTests" time="0.146"/>
  <testcase name="runHarnessMain[org.hyperledger.iroha.android.client.okhttp.OkHttpWebSocketConnectorTests]" classname="org.hyperledger.iroha.android.GradleAndroidHarnessTests" time="0.007"/>
  <testcase name="runHarnessMain[org.hyperledger.iroha.android.client.transport.OkHttpTransportExecutorTests]" classname="org.hyperledger.iroha.android.GradleAndroidHarnessTests" time="0.004"/>
  <testcase name="runHarnessMain[org.hyperledger.iroha.android.telemetry.OkHttpTelemetryIntegrationTests]" classname="org.hyperledger.iroha.android.GradleAndroidHarnessTests" time="0.139"/>
  <testcase name="runHarnessMain[org.hyperledger.iroha.android.offline.HttpSafetyDetectOkHttpTests]" classname="org.hyperledger.iroha.android.GradleAndroidHarnessTests" time="0.007"/>
  <system-out><![CDATA[[IrohaAndroid] OkHttpTransportExecutorFactory tests passed.
[IrohaAndroid] OkHttpWebSocketConnectorTests passed.
[IrohaAndroid] OkHttpTransportExecutor transport tests passed.
[IrohaAndroid] OkHttpTelemetryIntegrationTests passed.
[IrohaAndroid] HttpSafetyDetectOkHttpTests passed.
]]></system-out>
  <system-err><![CDATA[]]></system-err>
</testsuite>
