<?xml version="1.0" encoding="UTF-8"?>
<testsuite name="org.hyperledger.iroha.android.client.AndroidOkHttpClientRefactorTests" tests="4" skipped="0" failures="0" errors="0" timestamp="2025-12-08T12:31:43.699Z" hostname="takemiyacStudio.lan" time="0.02">
  <properties/>
  <testcase name="safetyDetectFlowUsesPlatformDefaults" classname="org.hyperledger.iroha.android.client.AndroidOkHttpClientRefactorTests" time="0.005"/>
  <testcase name="sorafsGatewayFlowUsesPlatformDefaults" classname="org.hyperledger.iroha.android.client.AndroidOkHttpClientRefactorTests" time="0.003"/>
  <testcase name="defaultFactoriesPreferOkHttpTransports" classname="org.hyperledger.iroha.android.client.AndroidOkHttpClientRefactorTests" time="0.001"/>
  <testcase name="telemetryParityAcrossOkHttpAndJdkTransports" classname="org.hyperledger.iroha.android.client.AndroidOkHttpClientRefactorTests" time="0.01"/>
  <system-out><![CDATA[]]></system-out>
  <system-err><![CDATA[]]></system-err>
</testsuite>
