<?xml version="1.0" encoding="UTF-8"?>
<testsuite name="org.hyperledger.iroha.android.client.AndroidClientFactoryTests" tests="3" skipped="0" failures="0" errors="0" timestamp="2025-12-31T09:14:45.893Z" hostname="takemiyacStudio.lan" time="0.026">
  <properties/>
  <testcase name="safetyDetectAndSorafsUseOkHttpExecutor" classname="org.hyperledger.iroha.android.client.AndroidClientFactoryTests" time="0.011"/>
  <testcase name="restTelemetryAndHashingUseOkHttp" classname="org.hyperledger.iroha.android.client.AndroidClientFactoryTests" time="0.008"/>
  <testcase name="sseAndWebSocketReuseOkHttpConnectors" classname="org.hyperledger.iroha.android.client.AndroidClientFactoryTests" time="0.007"/>
  <system-out><![CDATA[]]></system-out>
  <system-err><![CDATA[]]></system-err>
</testsuite>
