<?xml version="1.0" encoding="UTF-8"?>
<testsuite name="org.hyperledger.iroha.android.client.AndroidClientFactoryTests" tests="3" skipped="0" failures="0" errors="0" timestamp="2025-12-08T12:31:43.679Z" hostname="takemiyacStudio.lan" time="0.019">
  <properties/>
  <testcase name="safetyDetectAndSorafsUseOkHttpExecutor" classname="org.hyperledger.iroha.android.client.AndroidClientFactoryTests" time="0.008"/>
  <testcase name="restTelemetryAndHashingUseOkHttp" classname="org.hyperledger.iroha.android.client.AndroidClientFactoryTests" time="0.005"/>
  <testcase name="sseAndWebSocketReuseOkHttpConnectors" classname="org.hyperledger.iroha.android.client.AndroidClientFactoryTests" time="0.006"/>
  <system-out><![CDATA[]]></system-out>
  <system-err><![CDATA[]]></system-err>
</testsuite>
