<?xml version="1.0" encoding="UTF-8"?>
<testsuite name="org.hyperledger.iroha.android.offline.HttpSafetyDetectServiceAndroidTests" tests="1" skipped="0" failures="0" errors="0" timestamp="2025-12-30T16:28:54.223Z" hostname="takemiyacStudio.lan" time="0.005">
  <properties/>
  <testcase name="defaultExecutorFetchesAttestation" classname="org.hyperledger.iroha.android.offline.HttpSafetyDetectServiceAndroidTests" time="0.005"/>
  <system-out><![CDATA[]]></system-out>
  <system-err><![CDATA[]]></system-err>
</testsuite>
