<?xml version="1.0" encoding="UTF-8"?>
<testsuite name="org.hyperledger.iroha.android.client.DefaultOkHttpWiringTests" tests="5" skipped="0" failures="0" errors="0" timestamp="2025-12-31T09:14:45.957Z" hostname="takemiyacStudio.lan" time="0.018">
  <properties/>
  <testcase name="httpClientTransportUsesOkHttpByDefault" classname="org.hyperledger.iroha.android.client.DefaultOkHttpWiringTests" time="0.005"/>
  <testcase name="toriiEventStreamUsesOkHttpWhenUnset" classname="org.hyperledger.iroha.android.client.DefaultOkHttpWiringTests" time="0.003"/>
  <testcase name="toriiWebSocketDefaultsToOkHttpConnector" classname="org.hyperledger.iroha.android.client.DefaultOkHttpWiringTests" time="0.003"/>
  <testcase name="safetyDetectCreateDefaultUsesOkHttp" classname="org.hyperledger.iroha.android.client.DefaultOkHttpWiringTests" time="0.005"/>
  <testcase name="sorafsGatewayDefaultsExecutorToOkHttp" classname="org.hyperledger.iroha.android.client.DefaultOkHttpWiringTests" time="0.002"/>
  <system-out><![CDATA[]]></system-out>
  <system-err><![CDATA[]]></system-err>
</testsuite>
