<?xml version="1.0" encoding="UTF-8"?>
<testsuite name="org.hyperledger.iroha.android.client.okhttp.HttpClientTransportOkHttpTests" tests="1" skipped="0" failures="0" errors="0" timestamp="2025-12-30T16:28:53.998Z" hostname="takemiyacStudio.lan" time="0.004">
  <properties/>
  <testcase name="submitsTransactionWithOkHttpExecutorAndNotifiesObservers" classname="org.hyperledger.iroha.android.client.okhttp.HttpClientTransportOkHttpTests" time="0.004"/>
  <system-out><![CDATA[]]></system-out>
  <system-err><![CDATA[]]></system-err>
</testsuite>
