<?xml version="1.0" encoding="UTF-8"?>
<testsuite name="org.hyperledger.iroha.android.client.stream.ToriiEventStreamOkHttpTests" tests="1" skipped="0" failures="0" errors="0" timestamp="2025-12-31T09:14:46.212Z" hostname="takemiyacStudio.lan" time="0.003">
  <properties/>
  <testcase name="okHttpExecutorConsumesSseEvents" classname="org.hyperledger.iroha.android.client.stream.ToriiEventStreamOkHttpTests" time="0.003"/>
  <system-out><![CDATA[]]></system-out>
  <system-err><![CDATA[]]></system-err>
</testsuite>
