<?xml version="1.0" encoding="UTF-8"?>
<testsuite name="org.hyperledger.iroha.android.sorafs.SorafsGatewayClientOkHttpTests" tests="1" skipped="0" failures="0" errors="0" timestamp="2025-12-31T09:14:46.328Z" hostname="takemiyacStudio.lan" time="0.004">
  <properties/>
  <testcase name="fetchSummaryUsesOkHttpTransportAndParsesResponse" classname="org.hyperledger.iroha.android.sorafs.SorafsGatewayClientOkHttpTests" time="0.004"/>
  <system-out><![CDATA[]]></system-out>
  <system-err><![CDATA[]]></system-err>
</testsuite>
